<?xml version="1.0" encoding="UTF-8"?>
<!-- Generated by org.testng.reporters.JUnitXMLReporter -->
<testsuite ignored="0" hostname="PF-37ZPPE" failures="0" tests="4" name="Command line test" time="2.993" errors="0" timestamp="2023-05-15T10:52:24 ICT">
  <testcase classname="session3.Test_01_GetMethod" name="test_01" time="1.677"/>
  <testcase classname="session3.Test_01_GetMethod" name="test_02" time="0.145"/>
  <testcase classname="session3.Test_02_PostMethod" name="test_01" time="0.59"/>
  <testcase classname="session3.Test_02_PostMethod" name="test_02" time="0.543"/>
</testsuite> <!-- Command line test -->
