<?xml version="1.0" encoding="UTF-8" ?>
<testsuite tests="4" failures="0" name="TestSuite" time="2.958" errors="0" skipped="0">
  <properties>
[...]
</properties>
  <testcase classname="session3.Test_01_GetMethod" name="test_01" time="1.679"/>
  <testcase classname="session3.Test_01_GetMethod" name="test_02" time="0.144"/>
  <testcase classname="session3.Test_02_PostMethod" name="test_01" time="0.591"/>
  <testcase classname="session3.Test_02_PostMethod" name="test_02" time="0.544"/>
</testsuite>