<?xml version="1.0" encoding="UTF-8"?>
<testng-results ignored="0" total="4" passed="4" failed="0" skipped="0">
  <reporter-output>
  </reporter-output>
  <suite started-at="2023-05-15T10:52:21 ICT" name="Command line suite" finished-at="2023-05-15T10:52:24 ICT" duration-ms="2993">
    <groups>
    </groups>
    <test started-at="2023-05-15T10:52:21 ICT" name="Command line test" finished-at="2023-05-15T10:52:24 ICT" duration-ms="2993">
      <class name="session3.Test_02_PostMethod">
        <test-method signature="test_01()[pri:0, instance:session3.Test_02_PostMethod@ba8d91c]" started-at="2023-05-15T10:52:23 ICT" name="test_01" finished-at="2023-05-15T10:52:23 ICT" duration-ms="590" status="PASS">
          <reporter-output>
          </reporter-output>
        </test-method> <!-- test_01 -->
        <test-method signature="test_02()[pri:0, instance:session3.Test_02_PostMethod@ba8d91c]" started-at="2023-05-15T10:52:23 ICT" name="test_02" finished-at="2023-05-15T10:52:24 ICT" duration-ms="543" status="PASS">
          <reporter-output>
          </reporter-output>
        </test-method> <!-- test_02 -->
      </class> <!-- session3.Test_02_PostMethod -->
      <class name="session3.Test_01_GetMethod">
        <test-method signature="test_01()[pri:0, instance:session3.Test_01_GetMethod@19dc67c2]" started-at="2023-05-15T10:52:21 ICT" name="test_01" finished-at="2023-05-15T10:52:23 ICT" duration-ms="1677" status="PASS">
          <reporter-output>
          </reporter-output>
        </test-method> <!-- test_01 -->
        <test-method signature="test_02()[pri:0, instance:session3.Test_01_GetMethod@19dc67c2]" started-at="2023-05-15T10:52:23 ICT" name="test_02" finished-at="2023-05-15T10:52:23 ICT" duration-ms="145" status="PASS">
          <reporter-output>
          </reporter-output>
        </test-method> <!-- test_02 -->
      </class> <!-- session3.Test_01_GetMethod -->
    </test> <!-- Command line test -->
  </suite> <!-- Command line suite -->
</testng-results>
